<?xml version="1.0" encoding="UTF-8"?>
<!-- Generated by org.testng.reporters.JUnitReportReporter -->
<testsuite hostname="DESKTOP-3DCDJ18" failures="0" tests="3" name="hwnew.MyHw" time="12.374" errors="0" timestamp="2023-04-21T18:32:04 EET" skipped="0">
  <testcase classname="hwnew.MyHw" name="assertFirstAlert" time="4.133"/>
  <system-out/>
  <testcase classname="hwnew.MyHw" name="assertSecondAlert" time="4.112"/>
  <system-out/>
  <testcase classname="hwnew.MyHw" name="assertThirdAlert" time="4.129"/>
  <system-out/>
</testsuite> <!-- hwnew.MyHw -->
