<?xml version="1.0" encoding="UTF-8"?>
<!-- Generated by org.testng.reporters.JUnitReportReporter -->
<testsuite hostname="DESKTOP-3DCDJ18" failures="0" tests="3" name="testCases.TestCases" time="12.413" errors="0" timestamp="2023-04-21T18:34:22 EET" skipped="0">
  <testcase classname="testCases.TestCases" name="assertFirstAlert" time="4.190"/>
  <system-out/>
  <testcase classname="testCases.TestCases" name="assertSecondAlert" time="4.084"/>
  <system-out/>
  <testcase classname="testCases.TestCases" name="assertThirdAlert" time="4.139"/>
  <system-out/>
</testsuite> <!-- testCases.TestCases -->
